[INFO] Scanning for projects...
[INFO] 
[INFO] ----------------------< com.example:cashadvance >-----------------------
[INFO] Building CashAdvance 0.0.1-SNAPSHOT
[INFO]   from pom.xml
[INFO] --------------------------------[ jar ]---------------------------------
[INFO] 
[INFO] >>> spring-boot:3.5.5:run (default-cli) > test-compile @ cashadvance >>>
[INFO] 
[INFO] --- resources:3.3.1:resources (default-resources) @ cashadvance ---
[INFO] Copying 2 resources from src/main/resources to target/classes
[INFO] Copying 8 resources from src/main/resources to target/classes
[INFO] 
[INFO] --- compiler:3.14.0:compile (default-compile) @ cashadvance ---
[INFO] Nothing to compile - all classes are up to date.
[INFO] 
[INFO] --- resources:3.3.1:testResources (default-testResources) @ cashadvance ---
[INFO] Copying 1 resource from src/test/resources to target/test-classes
[INFO] 
[INFO] --- compiler:3.14.0:testCompile (default-testCompile) @ cashadvance ---
[INFO] Nothing to compile - all classes are up to date.
[INFO] 
[INFO] <<< spring-boot:3.5.5:run (default-cli) < test-compile @ cashadvance <<<
[INFO] 
[INFO] 
[INFO] --- spring-boot:3.5.5:run (default-cli) @ cashadvance ---
[INFO] Attaching agents: []

  .   ____          _            __ _ _
 /\\ / ___'_ __ _ _(_)_ __  __ _ \ \ \ \
( ( )\___ | '_ | '_| | '_ \/ _` | \ \ \ \
 \\/  ___)| |_)| | | | | || (_| |  ) ) ) )
  '  |____| .__|_| |_|_| |_\__, | / / / /
 =========|_|==============|___/=/_/_/_/

 :: Spring Boot ::                (v3.5.5)

2025-09-19T00:34:03.224+05:30  INFO 78488 --- [cash-advance] [           main] c.e.cashadvance.CashAdvanceApplication   : Starting CashAdvanceApplication using Java 17.0.16 with PID 78488 (/Users/vgp/Documents/Projects/cashadvance/target/classes started by vgp in /Users/vgp/Documents/Projects/cashadvance)
2025-09-19T00:34:03.225+05:30  INFO 78488 --- [cash-advance] [           main] c.e.cashadvance.CashAdvanceApplication   : The following 1 profile is active: "local"
2025-09-19T00:34:03.550+05:30  INFO 78488 --- [cash-advance] [           main] .s.d.r.c.RepositoryConfigurationDelegate : Bootstrapping Spring Data JPA repositories in DEFAULT mode.
2025-09-19T00:34:03.576+05:30  INFO 78488 --- [cash-advance] [           main] .s.d.r.c.RepositoryConfigurationDelegate : Finished Spring Data repository scanning in 22 ms. Found 4 JPA repository interfaces.
2025-09-19T00:34:03.838+05:30  INFO 78488 --- [cash-advance] [           main] o.s.b.w.embedded.tomcat.TomcatWebServer  : Tomcat initialized with port 8080 (http)
2025-09-19T00:34:03.844+05:30  INFO 78488 --- [cash-advance] [           main] o.apache.catalina.core.StandardService   : Starting service [Tomcat]
2025-09-19T00:34:03.845+05:30  INFO 78488 --- [cash-advance] [           main] o.apache.catalina.core.StandardEngine    : Starting Servlet engine: [Apache Tomcat/10.1.44]
2025-09-19T00:34:03.869+05:30  INFO 78488 --- [cash-advance] [           main] o.a.c.c.C.[Tomcat].[localhost].[/]       : Initializing Spring embedded WebApplicationContext
2025-09-19T00:34:03.869+05:30  INFO 78488 --- [cash-advance] [           main] w.s.c.ServletWebServerApplicationContext : Root WebApplicationContext: initialization completed in 627 ms
2025-09-19T00:34:03.959+05:30  INFO 78488 --- [cash-advance] [           main] o.hibernate.jpa.internal.util.LogHelper  : HHH000204: Processing PersistenceUnitInfo [name: default]
2025-09-19T00:34:03.978+05:30  INFO 78488 --- [cash-advance] [           main] org.hibernate.Version                    : HHH000412: Hibernate ORM core version 6.6.26.Final
2025-09-19T00:34:03.992+05:30  INFO 78488 --- [cash-advance] [           main] o.h.c.internal.RegionFactoryInitiator    : HHH000026: Second-level cache disabled
2025-09-19T00:34:04.100+05:30  INFO 78488 --- [cash-advance] [           main] o.s.o.j.p.SpringPersistenceUnitInfo      : No LoadTimeWeaver setup: ignoring JPA class transformer
2025-09-19T00:34:04.112+05:30  INFO 78488 --- [cash-advance] [           main] com.zaxxer.hikari.HikariDataSource       : HikariPool-1 - Starting...
2025-09-19T00:34:04.191+05:30  INFO 78488 --- [cash-advance] [           main] com.zaxxer.hikari.pool.HikariPool        : HikariPool-1 - Added connection conn0: url=jdbc:h2:mem:localdb user=SA
2025-09-19T00:34:04.192+05:30  INFO 78488 --- [cash-advance] [           main] com.zaxxer.hikari.HikariDataSource       : HikariPool-1 - Start completed.
2025-09-19T00:34:04.206+05:30  WARN 78488 --- [cash-advance] [           main] org.hibernate.dialect.Dialect            : HHH000511: The 2.3.232 version for [org.hibernate.dialect.MySQLDialect] is no longer supported, hence certain features may not work properly. The minimum supported version is 8.0.0. Check the community dialects project for available legacy versions.
2025-09-19T00:34:04.208+05:30  WARN 78488 --- [cash-advance] [           main] org.hibernate.orm.deprecation            : HHH90000025: MySQLDialect does not need to be specified explicitly using 'hibernate.dialect' (remove the property setting and it will be selected by default)
2025-09-19T00:34:04.216+05:30  INFO 78488 --- [cash-advance] [           main] org.hibernate.orm.connections.pooling    : HHH10001005: Database info:
	Database JDBC URL [Connecting through datasource 'HikariDataSource (HikariPool-1)']
	Database driver: undefined/unknown
	Database version: 2.3.232
	Autocommit mode: undefined/unknown
	Isolation level: undefined/unknown
	Minimum pool size: undefined/unknown
	Maximum pool size: undefined/unknown
2025-09-19T00:34:04.616+05:30  INFO 78488 --- [cash-advance] [           main] o.h.e.t.j.p.i.JtaPlatformInitiator       : HHH000489: No JTA platform available (set 'hibernate.transaction.jta.platform' to enable JTA platform integration)
2025-09-19T00:34:04.651+05:30  INFO 78488 --- [cash-advance] [           main] j.LocalContainerEntityManagerFactoryBean : Initialized JPA EntityManagerFactory for persistence unit 'default'
2025-09-19T00:34:05.069+05:30  INFO 78488 --- [cash-advance] [           main] r$InitializeUserDetailsManagerConfigurer : Global AuthenticationManager configured with UserDetailsService bean with name customUserDetailsService
2025-09-19T00:34:05.317+05:30  INFO 78488 --- [cash-advance] [           main] o.s.b.w.embedded.tomcat.TomcatWebServer  : Tomcat started on port 8080 (http) with context path '/'
2025-09-19T00:34:05.324+05:30  INFO 78488 --- [cash-advance] [           main] c.e.cashadvance.CashAdvanceApplication   : Started CashAdvanceApplication in 2.271 seconds (process running for 2.395)
2025-09-19T00:34:17.045+05:30  INFO 78488 --- [cash-advance] [nio-8080-exec-1] o.a.c.c.C.[Tomcat].[localhost].[/]       : Initializing Spring DispatcherServlet 'dispatcherServlet'
2025-09-19T00:34:17.046+05:30  INFO 78488 --- [cash-advance] [nio-8080-exec-1] o.s.web.servlet.DispatcherServlet        : Initializing Servlet 'dispatcherServlet'
2025-09-19T00:34:17.048+05:30  INFO 78488 --- [cash-advance] [nio-8080-exec-1] o.s.web.servlet.DispatcherServlet        : Completed initialization in 2 ms
